Fri Apr 15 14:18:24 2022 Starting mailing...
OK [21108205 -> brak21205@g.nihon-u.ac.jp] 
OK [20108184 -> brng20184@g.nihon-u.ac.jp] 
OK [21108083 -> brta21083@g.nihon-u.ac.jp] 
OK [18108004 -> brsi18004@g.nihon-u.ac.jp] 
OK [21108132 -> brre21132@g.nihon-u.ac.jp] 
OK [21108059 -> brko21059@g.nihon-u.ac.jp] 
OK [21108046 -> brhr21046@g.nihon-u.ac.jp] 
OK [21108182 -> bryu21182@g.nihon-u.ac.jp] 
OK [21108190 -> brda21190@g.nihon-u.ac.jp] 
OK [21108079 -> brke21079@g.nihon-u.ac.jp] 
OK [21108021 -> brei21021@g.nihon-u.ac.jp] 
OK [21108208 -> brti21208@g.nihon-u.ac.jp] 
OK [21108221 -> brta21221@g.nihon-u.ac.jp] 
OK [21108162 -> brfu21162@g.nihon-u.ac.jp] 
OK [21108032 -> bryi21032@g.nihon-u.ac.jp] 
OK [21108150 -> bryu21150@g.nihon-u.ac.jp] 
OK [21108009 -> brsu21009@g.nihon-u.ac.jp] 
OK [21108160 -> brmo21160@g.nihon-u.ac.jp] 
OK [20108099 -> bryu20099@g.nihon-u.ac.jp] 
OK [21108107 -> brmi21107@g.nihon-u.ac.jp] 
OK [21108064 -> brsh21064@g.nihon-u.ac.jp] 
OK [21108011 -> brki21011@g.nihon-u.ac.jp] 
OK [21108016 -> brka21016@g.nihon-u.ac.jp] 
OK [19108034 -> brka19034@g.nihon-u.ac.jp] 
OK [20108177 -> brry20177@g.nihon-u.ac.jp] 
OK [21108089 -> brno21089@g.nihon-u.ac.jp] 
OK [21108087 -> bryu21087@g.nihon-u.ac.jp] 
OK [20108258 -> bryu20258@g.nihon-u.ac.jp] 
OK [21108112 -> brse21112@g.nihon-u.ac.jp] 
OK [21108065 -> brha21065@g.nihon-u.ac.jp] 
OK [21108038 -> brso21038@g.nihon-u.ac.jp] 
OK [20108115 -> brkz20115@g.nihon-u.ac.jp] 
OK [21108124 -> brts21124@g.nihon-u.ac.jp] 
OK [21108005 -> bryk21005@g.nihon-u.ac.jp] 
OK [21108125 -> brte21125@g.nihon-u.ac.jp] 
OK [21108117 -> bryu21117@g.nihon-u.ac.jp] 
OK [20108096 -> brto20096@g.nihon-u.ac.jp] 
OK [21108220 -> brta21220@g.nihon-u.ac.jp] 
OK [21108133 -> bryt21133@g.nihon-u.ac.jp] 
OK [21108111 -> brno21111@g.nihon-u.ac.jp] 
OK [20108171 -> brka20171@g.nihon-u.ac.jp] 
OK [21108054 -> brka21054@g.nihon-u.ac.jp] 
OK [21108215 -> brka21215@g.nihon-u.ac.jp] 
